Compiling c:\98ddk\src\vwolfd\vwolfd directory ********************
'nmake.exe /c BUILDMSG=Stop. -i NTTEST= UMTEST= NOLINK=1 386=1'
	ml -coff -DBLD_COFF -DIS_32 -W2 -c -Cx -Zm -DMASM6 -Ic:\98DDK\inc\win98 -DDEBLEVEL=0 -Foobj\i386\sysctlasm.obj sysctl.asm
Microsoft (R) Macro Assembler Version 6.11d
Copyright (C) Microsoft Corp 1981-1995.  All rights reserved.

 Assembling: sysctl.asm
	cl -Zdp -Gs -c -DIS_32 -Zl -DDEBLEVEL=0 -Ic:\98DDK\inc\win98 -Foobj\i386\sysctl.obj sysctl.c
Microsoft (R) 32-bit C/C++ Optimizing Compiler Version 12.00.8804 for 80x86
Copyright (C) Microsoft Corp 1984-1998. All rights reserved.

sysctl.c
	cl -Zdp -Gs -c -DIS_32 -Zl -DDEBLEVEL=0 -Ic:\98DDK\inc\win98 -Foobj\i386\vwolfd.obj vwolfd.c
Microsoft (R) 32-bit C/C++ Optimizing Compiler Version 12.00.8804 for 80x86
Copyright (C) Microsoft Corp 1984-1998. All rights reserved.

vwolfd.c
link -OUT:obj\i386\VWOLFD.vxd
	link @obj\i386\VWOLFD.lnk
Microsoft (R) Incremental Linker Version 5.12.8181
Copyright (C) Microsoft Corp 1992-1998. All rights reserved.

/VXD /NOD 
-ignore:4078 -ignore:4039 
/OUT:obj\i386\VWOLFD.vxd 
/MAP:obj\i386\VWOLFD.map 
/DEF:VWOLFD.def 
obj\i386\sysctlasm.obj obj\i386\sysctl.obj obj\i386\vwolfd.obj 
	mapsym -s -o obj\i386\VWOLFD.sym obj\i386\VWOLFD.map
Microsoft (R) Symbol File Generator NTGroup Version 6.02
Copyright (C) Microsoft Corp 1984 - 1996.  All rights reserved.
Line number support enabled
Program entry point at 0000:0000
Linking c:\98ddk\src\vwolfd\vwolfd directory ********************
'nmake.exe /c BUILDMSG=Stop. -i LINKONLY=1 NOPASS0=1 NTTEST= UMTEST= 386=1'
